<?xml version="1.0" encoding="UTF-8"?>
<testsuite xmlns:xsi="http://www.w3.org/2001/XMLSchema-instance" xsi:noNamespaceSchemaLocation="https://maven.apache.org/surefire/maven-surefire-plugin/xsd/surefire-test-report.xsd" name="ua.hillel.stolitnii.homeworks.homework16.TestArrayUtils" time="0.029" tests="5" errors="0" skipped="0" failures="0">
  <properties>
[...]
</properties>
  <testcase name="testCalculateAverageEmptyArray" classname="ua.hillel.stolitnii.homeworks.homework16.TestArrayUtils" time="0.016"/>
  <testcase name="testIsSquareMatrixNonSquare" classname="ua.hillel.stolitnii.homeworks.homework16.TestArrayUtils" time="0.001"/>
  <testcase name="testCalculateAverage" classname="ua.hillel.stolitnii.homeworks.homework16.TestArrayUtils" time="0.001"/>
  <testcase name="testIsSquareMatrix" classname="ua.hillel.stolitnii.homeworks.homework16.TestArrayUtils" time="0"/>
  <testcase name="testIsSquareMatrixNullMatrix" classname="ua.hillel.stolitnii.homeworks.homework16.TestArrayUtils" time="0"/>
</testsuite>